SF:K:\Users\Benjamin M\Documents\GitHub\Deno\project_one\main.ts
FNF:0
FNH:0
BRF:0
BRH:0
DA:1,1
DA:8,1
DA:9,1
DA:10,1
DA:12,1
DA:13,1
DA:14,1
DA:15,1
DA:16,1
DA:17,1
DA:18,1
LH:11
LF:11
end_of_record
SF:K:\Users\Benjamin M\Documents\GitHub\Deno\project_one\math.ts
FN:2,add
FN:5,sub
FN:8,multi
FN:11,div
FN:14,exp
FN:17,divWithRem
FNDA:1,add
FNDA:1,sub
FNDA:1,multi
FNDA:1,div
FNDA:1,exp
FNDA:1,divWithRem
FNF:6
FNH:6
BRF:0
BRH:0
DA:1,1
DA:2,1
DA:3,2
DA:4,2
DA:5,1
DA:6,2
DA:7,2
DA:8,1
DA:9,2
DA:10,2
DA:11,1
DA:12,2
DA:13,2
DA:14,1
DA:15,2
DA:16,2
DA:17,1
DA:18,2
DA:19,2
DA:20,1
LH:20
LF:20
end_of_record
SF:K:\Users\Benjamin M\Documents\GitHub\Deno\project_one\src\blocks\collection.ts
FNF:0
FNH:0
BRF:0
BRH:0
DA:1,1
DA:6,1
DA:8,1
DA:9,1
DA:10,1
DA:12,1
DA:13,1
DA:14,1
DA:15,1
LH:9
LF:9
end_of_record
SF:K:\Users\Benjamin M\Documents\GitHub\Deno\project_one\src\blocks\gas\air.ts
FNF:0
FNH:0
BRF:0
BRH:0
DA:1,1
DA:3,1
DA:4,1
DA:5,1
DA:6,1
DA:7,1
DA:9,4
DA:11,1
LH:8
LF:8
end_of_record
SF:K:\Users\Benjamin M\Documents\GitHub\Deno\project_one\src\blocks\gas\collection.ts
FNF:0
FNH:0
BRF:0
BRH:0
DA:1,1
DA:6,1
DA:8,1
DA:10,1
DA:11,1
LH:5
LF:5
end_of_record
SF:K:\Users\Benjamin M\Documents\GitHub\Deno\project_one\src\blocks\liquid\collection.ts
FNF:0
FNH:0
BRF:0
BRH:0
DA:1,1
DA:6,1
DA:8,1
DA:10,1
DA:11,1
LH:5
LF:5
end_of_record
SF:K:\Users\Benjamin M\Documents\GitHub\Deno\project_one\src\blocks\liquid\water.ts
FNF:0
FNH:0
BRF:0
BRH:0
DA:1,1
DA:3,1
DA:4,1
DA:5,1
DA:6,1
DA:7,1
DA:9,4
DA:11,1
LH:8
LF:8
end_of_record
SF:K:\Users\Benjamin M\Documents\GitHub\Deno\project_one\src\blocks\solid\collection.ts
FNF:0
FNH:0
BRF:0
BRH:0
DA:1,1
DA:6,1
DA:8,1
DA:10,1
DA:11,1
LH:5
LF:5
end_of_record
SF:K:\Users\Benjamin M\Documents\GitHub\Deno\project_one\src\blocks\solid\grass.ts
FNF:0
FNH:0
BRF:0
BRH:0
DA:1,1
DA:3,1
DA:4,1
DA:5,1
DA:6,1
DA:7,1
DA:9,4
DA:11,1
LH:8
LF:8
end_of_record
SF:K:\Users\Benjamin M\Documents\GitHub\Deno\project_one\src\collection.ts
FNF:0
FNH:0
BRF:0
BRH:0
DA:1,1
DA:6,1
DA:7,1
DA:8,1
DA:9,1
DA:10,1
DA:11,1
DA:12,1
DA:14,1
DA:15,1
DA:16,1
DA:17,1
DA:18,1
DA:19,1
DA:20,1
DA:21,1
LH:16
LF:16
end_of_record
SF:K:\Users\Benjamin M\Documents\GitHub\Deno\project_one\src\effects\collection.ts
FNF:0
FNH:0
BRF:0
BRH:0
DA:1,1
DA:6,1
DA:7,1
DA:8,1
DA:9,1
DA:12,1
DA:13,1
DA:14,1
DA:15,1
LH:9
LF:9
end_of_record
SF:K:\Users\Benjamin M\Documents\GitHub\Deno\project_one\src\effects\invisibility.ts
FNF:0
FNH:0
BRF:0
BRH:0
DA:1,1
DA:3,1
DA:4,1
DA:5,1
DA:6,3
DA:8,1
LH:6
LF:6
end_of_record
SF:K:\Users\Benjamin M\Documents\GitHub\Deno\project_one\src\effects\nightVision.ts
FNF:0
FNH:0
BRF:0
BRH:0
DA:1,1
DA:3,1
DA:4,1
DA:5,1
DA:6,3
DA:8,1
LH:6
LF:6
end_of_record
SF:K:\Users\Benjamin M\Documents\GitHub\Deno\project_one\src\effects\waterBreathing.ts
FNF:0
FNH:0
BRF:0
BRH:0
DA:1,1
DA:3,1
DA:4,1
DA:5,1
DA:6,3
DA:8,1
LH:6
LF:6
end_of_record
SF:K:\Users\Benjamin M\Documents\GitHub\Deno\project_one\src\enchantments\collection.ts
FNF:0
FNH:0
BRF:0
BRH:0
DA:1,1
DA:6,1
DA:9,1
LH:3
LF:3
end_of_record
SF:K:\Users\Benjamin M\Documents\GitHub\Deno\project_one\src\entities\collection.ts
FNF:0
FNH:0
BRF:0
BRH:0
DA:1,1
DA:6,1
DA:8,1
DA:9,1
DA:10,1
DA:11,1
DA:12,1
DA:15,1
DA:16,1
DA:17,1
DA:18,1
DA:19,1
DA:20,1
LH:13
LF:13
end_of_record
SF:K:\Users\Benjamin M\Documents\GitHub\Deno\project_one\src\entities\hostile\collection.ts
FNF:0
FNH:0
BRF:0
BRH:0
DA:1,1
DA:6,1
DA:8,1
LH:3
LF:3
end_of_record
SF:K:\Users\Benjamin M\Documents\GitHub\Deno\project_one\src\entities\neutral\collection.ts
FNF:0
FNH:0
BRF:0
BRH:0
DA:1,1
DA:6,1
DA:8,1
LH:3
LF:3
end_of_record
SF:K:\Users\Benjamin M\Documents\GitHub\Deno\project_one\src\entities\npc.ts
FNF:0
FNH:0
BRF:0
BRH:0
DA:1,1
DA:3,1
DA:4,1
DA:5,18
DA:6,18
DA:7,1
DA:8,1
DA:10,4
DA:12,1
LH:9
LF:9
end_of_record
SF:K:\Users\Benjamin M\Documents\GitHub\Deno\project_one\src\entities\passive\collection.ts
FNF:0
FNH:0
BRF:0
BRH:0
DA:1,1
DA:6,1
DA:8,1
LH:3
LF:3
end_of_record
SF:K:\Users\Benjamin M\Documents\GitHub\Deno\project_one\src\entities\player.ts
FNF:0
FNH:0
BRF:0
BRH:0
DA:1,1
DA:3,1
DA:4,1
DA:5,18
DA:6,18
DA:7,1
DA:8,1
DA:10,4
DA:12,1
LH:9
LF:9
end_of_record
SF:K:\Users\Benjamin M\Documents\GitHub\Deno\project_one\src\objects.ts
FN:946,<static_initializer>
FN:946,arrayToStats
FN:961,<instance_members_initializer>
FN:964,InternalData
FN:970,set
FN:980,toJSON
FN:993,<instance_members_initializer>
FN:995,Enchantment
FN:1000,adjustModifiers
FN:1010,getModifier
FN:1035,<instance_members_initializer>
FN:1036,Effect
FN:1049,Material
FN:1060,<instance_members_initializer>
FN:1063,Game
FN:1079,<instance_members_initializer>
FN:1086,Entity
FN:1099,takeDamage
FN:1112,getBaseHealth
FN:1115,addBaseHealth
FN:1120,removeBaseHealth
FN:1127,getRemainingHealth
FN:1130,addRemainingHealth
FN:1136,removeRemainingHealth
FN:1142,getEffects
FN:1145,addEffect
FN:1149,removeEffect
FN:1153,clearEffects
FN:1166,<instance_members_initializer>
FN:1170,Tool
FN:1189,Weapon
FN:1201,Food
FN:1213,<instance_members_initializer>
FN:1216,Block
FN:1233,<instance_members_initializer>
FN:1235,StorageSlot
FN:1250,<instance_members_initializer>
FN:1252,StorageContainer
FN:1344,toJSON
FNDA:1,<static_initializer>
FNDA:4,arrayToStats
FNDA:40,<instance_members_initializer>
FNDA:40,InternalData
FNDA:0,set
FNDA:0,toJSON
FNDA:0,<instance_members_initializer>
FNDA:0,Enchantment
FNDA:0,adjustModifiers
FNDA:0,getModifier
FNDA:3,<instance_members_initializer>
FNDA:3,Effect
FNDA:0,Material
FNDA:1,<instance_members_initializer>
FNDA:1,Game
FNDA:2,<instance_members_initializer>
FNDA:2,Entity
FNDA:0,takeDamage
FNDA:0,getBaseHealth
FNDA:0,addBaseHealth
FNDA:0,removeBaseHealth
FNDA:0,getRemainingHealth
FNDA:0,addRemainingHealth
FNDA:0,removeRemainingHealth
FNDA:0,getEffects
FNDA:0,addEffect
FNDA:0,removeEffect
FNDA:0,clearEffects
FNDA:32,<instance_members_initializer>
FNDA:32,Tool
FNDA:0,Weapon
FNDA:0,Food
FNDA:3,<instance_members_initializer>
FNDA:3,Block
FNDA:0,<instance_members_initializer>
FNDA:0,StorageSlot
FNDA:2,<instance_members_initializer>
FNDA:2,StorageContainer
FNDA:0,toJSON
FNF:39
FNH:16
BRDA:1220,43,0,0
BRF:1
BRH:0
DA:1,1
DA:2,1
DA:7,1
DA:8,1
DA:777,2
DA:783,4
DA:784,3
DA:786,3
DA:788,3
DA:795,4
DA:796,3
DA:798,3
DA:800,3
DA:802,3
DA:804,3
DA:806,3
DA:808,3
DA:815,4
DA:816,3
DA:818,3
DA:820,3
DA:822,3
DA:824,3
DA:826,3
DA:828,3
DA:830,3
DA:832,3
DA:834,3
DA:836,3
DA:838,3
DA:840,3
DA:842,3
DA:844,3
DA:846,3
DA:853,4
DA:854,3
DA:856,3
DA:858,3
DA:860,3
DA:862,3
DA:864,3
DA:871,4
DA:872,3
DA:874,3
DA:876,3
DA:878,3
DA:880,3
DA:882,3
DA:889,4
DA:890,3
DA:892,3
DA:894,3
DA:896,3
DA:898,3
DA:900,3
DA:902,3
DA:904,3
DA:911,4
DA:912,3
DA:914,3
DA:916,3
DA:918,3
DA:920,3
DA:922,3
DA:924,3
DA:926,3
DA:928,3
DA:930,3
DA:933,1
DA:934,2
DA:935,2
DA:939,2
DA:940,4
DA:941,2
DA:945,2
DA:946,2
DA:947,28
DA:948,28
DA:949,28
DA:950,28
DA:951,2
DA:952,2
DA:953,2
DA:959,2
DA:960,4
DA:961,2
DA:962,42
DA:963,42
DA:964,42
DA:965,246
DA:966,82
DA:967,82
DA:968,82
DA:969,82
DA:970,0
DA:971,0
DA:972,0
DA:973,0
DA:974,0
DA:975,0
DA:976,0
DA:977,0
DA:978,82
DA:979,82
DA:980,0
DA:981,2
DA:982,2
DA:991,2
DA:992,4
DA:993,0
DA:994,0
DA:995,0
DA:996,0
DA:997,0
DA:998,0
DA:999,0
DA:1000,0
DA:1001,0
DA:1002,0
DA:1003,0
DA:1005,0
DA:1007,0
DA:1008,0
DA:1009,0
DA:1010,0
DA:1011,0
DA:1012,0
DA:1013,0
DA:1014,0
DA:1015,0
DA:1016,0
DA:1017,0
DA:1018,0
DA:1019,0
DA:1020,0
DA:1021,0
DA:1022,0
DA:1023,2
DA:1024,2
DA:1033,2
DA:1034,4
DA:1035,2
DA:1036,2
DA:1037,20
DA:1038,5
DA:1039,5
DA:1040,2
DA:1041,2
DA:1047,2
DA:1048,4
DA:1049,0
DA:1050,0
DA:1051,0
DA:1052,2
DA:1053,2
DA:1058,2
DA:1059,4
DA:1060,2
DA:1061,3
DA:1062,2
DA:1063,2
DA:1064,3
DA:1065,3
DA:1066,3
DA:1067,3
DA:1068,2
DA:1069,2
DA:1077,2
DA:1078,4
DA:1079,2
DA:1080,4
DA:1081,4
DA:1082,4
DA:1083,4
DA:1084,4
DA:1085,2
DA:1086,2
DA:1087,16
DA:1088,4
DA:1089,4
DA:1090,4
DA:1091,4
DA:1092,4
DA:1093,4
DA:1094,4
DA:1095,12
DA:1096,4
DA:1097,4
DA:1098,4
DA:1099,0
DA:1100,0
DA:1101,0
DA:1102,0
DA:1103,0
DA:1104,0
DA:1105,0
DA:1106,0
DA:1107,0
DA:1108,0
DA:1109,0
DA:1110,0
DA:1111,0
DA:1112,0
DA:1113,0
DA:1114,0
DA:1115,0
DA:1116,0
DA:1117,0
DA:1118,0
DA:1119,0
DA:1120,0
DA:1121,0
DA:1122,0
DA:1123,0
DA:1124,0
DA:1125,0
DA:1126,0
DA:1127,0
DA:1128,0
DA:1129,0
DA:1130,0
DA:1131,0
DA:1132,0
DA:1133,0
DA:1134,0
DA:1135,0
DA:1136,0
DA:1137,0
DA:1138,0
DA:1139,0
DA:1140,0
DA:1141,0
DA:1142,0
DA:1143,0
DA:1144,0
DA:1145,0
DA:1146,0
DA:1147,0
DA:1148,0
DA:1149,0
DA:1150,0
DA:1151,0
DA:1152,0
DA:1153,0
DA:1154,0
DA:1155,0
DA:1156,0
DA:1157,2
DA:1158,2
DA:1164,2
DA:1165,4
DA:1166,2
DA:1167,34
DA:1168,34
DA:1169,2
DA:1170,2
DA:1171,136
DA:1172,34
DA:1173,34
DA:1174,34
DA:1175,34
DA:1176,34
DA:1177,34
DA:1178,34
DA:1179,34
DA:1180,2
DA:1181,2
DA:1187,2
DA:1188,4
DA:1189,0
DA:1190,0
DA:1191,0
DA:1192,2
DA:1193,2
DA:1199,2
DA:1200,4
DA:1201,0
DA:1202,0
DA:1203,0
DA:1204,2
DA:1205,2
DA:1211,2
DA:1212,4
DA:1213,2
DA:1214,5
DA:1215,2
DA:1216,2
DA:1217,20
DA:1218,5
DA:1219,5
DA:1220,0
DA:1221,5
DA:1222,2
DA:1223,2
DA:1231,2
DA:1232,4
DA:1233,0
DA:1234,0
DA:1235,0
DA:1236,0
DA:1237,0
DA:1238,0
DA:1239,2
DA:1240,2
DA:1248,2
DA:1249,4
DA:1250,2
DA:1251,2
DA:1252,2
DA:1253,4
DA:1254,0
DA:1255,0
DA:1256,0
DA:1258,4
DA:1259,2
DA:1260,1
DA:1261,2
DA:1262,2
DA:1267,2
DA:1268,2
DA:1269,2
DA:1270,2
DA:1271,2
DA:1272,2
DA:1273,2
DA:1274,2
DA:1275,2
DA:1276,2
DA:1277,2
DA:1278,2
DA:1281,2
DA:1282,2
DA:1283,2
DA:1284,2
DA:1285,2
DA:1286,2
DA:1287,2
DA:1288,2
DA:1289,2
DA:1290,2
DA:1291,2
DA:1292,2
DA:1293,2
DA:1294,2
DA:1295,2
DA:1296,2
DA:1297,2
DA:1298,2
DA:1299,2
DA:1300,2
DA:1301,2
DA:1302,2
DA:1303,2
DA:1304,2
DA:1305,2
DA:1306,2
DA:1307,2
DA:1308,2
DA:1309,2
DA:1310,2
DA:1311,2
DA:1312,2
DA:1313,2
DA:1314,2
DA:1315,2
DA:1316,2
DA:1317,2
DA:1318,2
DA:1319,2
DA:1320,2
DA:1321,2
DA:1322,2
DA:1323,2
DA:1325,2
DA:1326,2
DA:1327,8
DA:1328,8
DA:1329,8
DA:1330,8
DA:1331,8
DA:1332,8
DA:1333,8
DA:1334,8
DA:1335,8
DA:1336,8
DA:1337,8
DA:1338,8
DA:1339,8
DA:1340,2
DA:1341,2
DA:1343,2
DA:1344,8
DA:1345,1
DA:1346,2
DA:1347,2
DA:1348,2
DA:1349,2
DA:1350,1
DA:1352,1
LH:285
LF:399
end_of_record
SF:K:\Users\Benjamin M\Documents\GitHub\Deno\project_one\src\tools\axe\collection.ts
FNF:0
FNH:0
BRF:0
BRH:0
DA:1,1
DA:6,1
DA:8,1
DA:9,1
DA:10,1
DA:11,1
DA:12,1
DA:13,1
DA:14,1
DA:15,1
DA:17,1
DA:18,1
DA:19,1
DA:20,1
DA:21,1
DA:22,1
DA:23,1
DA:24,1
DA:25,1
LH:19
LF:19
end_of_record
SF:K:\Users\Benjamin M\Documents\GitHub\Deno\project_one\src\tools\axe\diamond.ts
FNF:0
FNH:0
BRF:0
BRH:0
DA:1,1
DA:3,1
DA:4,1
DA:5,1
DA:6,1
DA:7,1
DA:9,4
DA:11,1
LH:8
LF:8
end_of_record
SF:K:\Users\Benjamin M\Documents\GitHub\Deno\project_one\src\tools\axe\gold.ts
FNF:0
FNH:0
BRF:0
BRH:0
DA:1,1
DA:3,1
DA:4,1
DA:5,1
DA:6,1
DA:7,1
DA:9,4
DA:11,1
LH:8
LF:8
end_of_record
SF:K:\Users\Benjamin M\Documents\GitHub\Deno\project_one\src\tools\axe\indestructium.ts
FNF:0
FNH:0
BRF:0
BRH:0
DA:1,1
DA:3,1
DA:4,1
DA:5,1
DA:6,1
DA:7,1
DA:9,4
DA:11,1
LH:8
LF:8
end_of_record
SF:K:\Users\Benjamin M\Documents\GitHub\Deno\project_one\src\tools\axe\iron.ts
FNF:0
FNH:0
BRF:0
BRH:0
DA:1,1
DA:3,1
DA:4,1
DA:5,1
DA:6,1
DA:7,1
DA:9,4
DA:11,1
LH:8
LF:8
end_of_record
SF:K:\Users\Benjamin M\Documents\GitHub\Deno\project_one\src\tools\axe\netherite.ts
FNF:0
FNH:0
BRF:0
BRH:0
DA:1,1
DA:3,1
DA:4,1
DA:5,1
DA:6,1
DA:7,1
DA:9,4
DA:11,1
LH:8
LF:8
end_of_record
SF:K:\Users\Benjamin M\Documents\GitHub\Deno\project_one\src\tools\axe\steel.ts
FNF:0
FNH:0
BRF:0
BRH:0
DA:1,1
DA:3,1
DA:4,1
DA:5,1
DA:6,1
DA:7,1
DA:9,4
DA:11,1
LH:8
LF:8
end_of_record
SF:K:\Users\Benjamin M\Documents\GitHub\Deno\project_one\src\tools\axe\stone.ts
FNF:0
FNH:0
BRF:0
BRH:0
DA:1,1
DA:3,1
DA:4,1
DA:5,1
DA:6,1
DA:7,1
DA:9,4
DA:11,1
LH:8
LF:8
end_of_record
SF:K:\Users\Benjamin M\Documents\GitHub\Deno\project_one\src\tools\axe\wood.ts
FNF:0
FNH:0
BRF:0
BRH:0
DA:1,1
DA:3,1
DA:4,1
DA:5,1
DA:6,1
DA:7,1
DA:9,4
DA:11,1
LH:8
LF:8
end_of_record
SF:K:\Users\Benjamin M\Documents\GitHub\Deno\project_one\src\tools\collection.ts
FNF:0
FNH:0
BRF:0
BRH:0
DA:1,1
DA:6,1
DA:8,1
DA:9,1
DA:10,1
DA:11,1
DA:13,1
DA:14,1
DA:15,1
DA:16,1
DA:17,1
LH:11
LF:11
end_of_record
SF:K:\Users\Benjamin M\Documents\GitHub\Deno\project_one\src\tools\hoe\collection.ts
FNF:0
FNH:0
BRF:0
BRH:0
DA:1,1
DA:6,1
DA:8,1
DA:9,1
DA:10,1
DA:11,1
DA:12,1
DA:13,1
DA:14,1
DA:15,1
DA:17,1
DA:18,1
DA:19,1
DA:20,1
DA:21,1
DA:22,1
DA:23,1
DA:24,1
DA:25,1
LH:19
LF:19
end_of_record
SF:K:\Users\Benjamin M\Documents\GitHub\Deno\project_one\src\tools\hoe\diamond.ts
FNF:0
FNH:0
BRF:0
BRH:0
DA:1,1
DA:3,1
DA:4,1
DA:5,1
DA:6,1
DA:7,1
DA:9,4
DA:11,1
LH:8
LF:8
end_of_record
SF:K:\Users\Benjamin M\Documents\GitHub\Deno\project_one\src\tools\hoe\gold.ts
FNF:0
FNH:0
BRF:0
BRH:0
DA:1,1
DA:3,1
DA:4,1
DA:5,1
DA:6,1
DA:7,1
DA:9,4
DA:11,1
LH:8
LF:8
end_of_record
SF:K:\Users\Benjamin M\Documents\GitHub\Deno\project_one\src\tools\hoe\indestructium.ts
FNF:0
FNH:0
BRF:0
BRH:0
DA:1,1
DA:3,1
DA:4,1
DA:5,1
DA:6,1
DA:7,1
DA:9,4
DA:11,1
LH:8
LF:8
end_of_record
SF:K:\Users\Benjamin M\Documents\GitHub\Deno\project_one\src\tools\hoe\iron.ts
FNF:0
FNH:0
BRF:0
BRH:0
DA:1,1
DA:3,1
DA:4,1
DA:5,1
DA:6,1
DA:7,1
DA:9,4
DA:11,1
LH:8
LF:8
end_of_record
SF:K:\Users\Benjamin M\Documents\GitHub\Deno\project_one\src\tools\hoe\netherite.ts
FNF:0
FNH:0
BRF:0
BRH:0
DA:1,1
DA:3,1
DA:4,1
DA:5,1
DA:6,1
DA:7,1
DA:9,4
DA:11,1
LH:8
LF:8
end_of_record
SF:K:\Users\Benjamin M\Documents\GitHub\Deno\project_one\src\tools\hoe\steel.ts
FNF:0
FNH:0
BRF:0
BRH:0
DA:1,1
DA:3,1
DA:4,1
DA:5,1
DA:6,1
DA:7,1
DA:9,4
DA:11,1
LH:8
LF:8
end_of_record
SF:K:\Users\Benjamin M\Documents\GitHub\Deno\project_one\src\tools\hoe\stone.ts
FNF:0
FNH:0
BRF:0
BRH:0
DA:1,1
DA:3,1
DA:4,1
DA:5,1
DA:6,1
DA:7,1
DA:9,4
DA:11,1
LH:8
LF:8
end_of_record
SF:K:\Users\Benjamin M\Documents\GitHub\Deno\project_one\src\tools\hoe\wood.ts
FNF:0
FNH:0
BRF:0
BRH:0
DA:1,1
DA:3,1
DA:4,1
DA:5,1
DA:6,1
DA:7,1
DA:9,4
DA:11,1
LH:8
LF:8
end_of_record
SF:K:\Users\Benjamin M\Documents\GitHub\Deno\project_one\src\tools\pickaxe\collection.ts
FNF:0
FNH:0
BRF:0
BRH:0
DA:1,1
DA:6,1
DA:8,1
DA:9,1
DA:10,1
DA:11,1
DA:12,1
DA:13,1
DA:14,1
DA:15,1
DA:17,1
DA:18,1
DA:19,1
DA:20,1
DA:21,1
DA:22,1
DA:23,1
DA:24,1
DA:25,1
LH:19
LF:19
end_of_record
SF:K:\Users\Benjamin M\Documents\GitHub\Deno\project_one\src\tools\pickaxe\diamond.ts
FNF:0
FNH:0
BRF:0
BRH:0
DA:1,1
DA:3,1
DA:4,1
DA:5,1
DA:6,1
DA:7,1
DA:9,4
DA:11,1
LH:8
LF:8
end_of_record
SF:K:\Users\Benjamin M\Documents\GitHub\Deno\project_one\src\tools\pickaxe\gold.ts
FNF:0
FNH:0
BRF:0
BRH:0
DA:1,1
DA:3,1
DA:4,1
DA:5,1
DA:6,1
DA:7,1
DA:9,4
DA:11,1
LH:8
LF:8
end_of_record
SF:K:\Users\Benjamin M\Documents\GitHub\Deno\project_one\src\tools\pickaxe\indestructium.ts
FNF:0
FNH:0
BRF:0
BRH:0
DA:1,1
DA:3,1
DA:4,1
DA:5,1
DA:6,1
DA:7,1
DA:9,4
DA:11,1
LH:8
LF:8
end_of_record
SF:K:\Users\Benjamin M\Documents\GitHub\Deno\project_one\src\tools\pickaxe\iron.ts
FNF:0
FNH:0
BRF:0
BRH:0
DA:1,1
DA:3,1
DA:4,1
DA:5,1
DA:6,1
DA:7,1
DA:9,4
DA:11,1
LH:8
LF:8
end_of_record
SF:K:\Users\Benjamin M\Documents\GitHub\Deno\project_one\src\tools\pickaxe\netherite.ts
FNF:0
FNH:0
BRF:0
BRH:0
DA:1,1
DA:3,1
DA:4,1
DA:5,1
DA:6,1
DA:7,1
DA:9,4
DA:11,1
LH:8
LF:8
end_of_record
SF:K:\Users\Benjamin M\Documents\GitHub\Deno\project_one\src\tools\pickaxe\steel.ts
FNF:0
FNH:0
BRF:0
BRH:0
DA:1,1
DA:3,1
DA:4,1
DA:5,1
DA:6,1
DA:7,1
DA:9,4
DA:11,1
LH:8
LF:8
end_of_record
SF:K:\Users\Benjamin M\Documents\GitHub\Deno\project_one\src\tools\pickaxe\stone.ts
FNF:0
FNH:0
BRF:0
BRH:0
DA:1,1
DA:3,1
DA:4,1
DA:5,1
DA:6,1
DA:7,1
DA:9,4
DA:11,1
LH:8
LF:8
end_of_record
SF:K:\Users\Benjamin M\Documents\GitHub\Deno\project_one\src\tools\pickaxe\wood.ts
FNF:0
FNH:0
BRF:0
BRH:0
DA:1,1
DA:3,1
DA:4,1
DA:5,1
DA:6,1
DA:7,1
DA:9,4
DA:11,1
LH:8
LF:8
end_of_record
SF:K:\Users\Benjamin M\Documents\GitHub\Deno\project_one\src\tools\shovel\collection.ts
FNF:0
FNH:0
BRF:0
BRH:0
DA:1,1
DA:6,1
DA:8,1
DA:9,1
DA:10,1
DA:11,1
DA:12,1
DA:13,1
DA:14,1
DA:15,1
DA:17,1
DA:18,1
DA:19,1
DA:20,1
DA:21,1
DA:22,1
DA:23,1
DA:24,1
DA:25,1
LH:19
LF:19
end_of_record
SF:K:\Users\Benjamin M\Documents\GitHub\Deno\project_one\src\tools\shovel\diamond.ts
FNF:0
FNH:0
BRF:0
BRH:0
DA:1,1
DA:3,1
DA:4,1
DA:5,1
DA:6,1
DA:7,1
DA:9,4
DA:11,1
LH:8
LF:8
end_of_record
SF:K:\Users\Benjamin M\Documents\GitHub\Deno\project_one\src\tools\shovel\gold.ts
FNF:0
FNH:0
BRF:0
BRH:0
DA:1,1
DA:3,1
DA:4,1
DA:5,1
DA:6,1
DA:7,1
DA:9,4
DA:11,1
LH:8
LF:8
end_of_record
SF:K:\Users\Benjamin M\Documents\GitHub\Deno\project_one\src\tools\shovel\indestructium.ts
FNF:0
FNH:0
BRF:0
BRH:0
DA:1,1
DA:3,1
DA:4,1
DA:5,1
DA:6,1
DA:7,1
DA:9,4
DA:11,1
LH:8
LF:8
end_of_record
SF:K:\Users\Benjamin M\Documents\GitHub\Deno\project_one\src\tools\shovel\iron.ts
FNF:0
FNH:0
BRF:0
BRH:0
DA:1,1
DA:3,1
DA:4,1
DA:5,1
DA:6,1
DA:7,1
DA:9,4
DA:11,1
LH:8
LF:8
end_of_record
SF:K:\Users\Benjamin M\Documents\GitHub\Deno\project_one\src\tools\shovel\netherite.ts
FNF:0
FNH:0
BRF:0
BRH:0
DA:1,1
DA:3,1
DA:4,1
DA:5,1
DA:6,1
DA:7,1
DA:9,4
DA:11,1
LH:8
LF:8
end_of_record
SF:K:\Users\Benjamin M\Documents\GitHub\Deno\project_one\src\tools\shovel\steel.ts
FNF:0
FNH:0
BRF:0
BRH:0
DA:1,1
DA:3,1
DA:4,1
DA:5,1
DA:6,1
DA:7,1
DA:9,4
DA:11,1
LH:8
LF:8
end_of_record
SF:K:\Users\Benjamin M\Documents\GitHub\Deno\project_one\src\tools\shovel\stone.ts
FNF:0
FNH:0
BRF:0
BRH:0
DA:1,1
DA:3,1
DA:4,1
DA:5,1
DA:6,1
DA:7,1
DA:9,4
DA:11,1
LH:8
LF:8
end_of_record
SF:K:\Users\Benjamin M\Documents\GitHub\Deno\project_one\src\tools\shovel\wood.ts
FNF:0
FNH:0
BRF:0
BRH:0
DA:1,1
DA:3,1
DA:4,1
DA:5,1
DA:6,1
DA:7,1
DA:9,4
DA:11,1
LH:8
LF:8
end_of_record
SF:K:\Users\Benjamin M\Documents\GitHub\Deno\project_one\src\weapons\bows\collection.ts
FNF:0
FNH:0
BRF:0
BRH:0
DA:1,1
DA:6,1
DA:9,1
LH:3
LF:3
end_of_record
SF:K:\Users\Benjamin M\Documents\GitHub\Deno\project_one\src\weapons\collection.ts
FNF:0
FNH:0
BRF:0
BRH:0
DA:1,1
DA:6,1
DA:8,1
DA:9,1
DA:10,1
DA:11,1
DA:13,1
DA:14,1
DA:15,1
DA:16,1
DA:17,1
LH:11
LF:11
end_of_record
SF:K:\Users\Benjamin M\Documents\GitHub\Deno\project_one\src\weapons\explosives\collection.ts
FNF:0
FNH:0
BRF:0
BRH:0
DA:1,1
DA:6,1
DA:9,1
LH:3
LF:3
end_of_record
SF:K:\Users\Benjamin M\Documents\GitHub\Deno\project_one\src\weapons\guns\collection.ts
FNF:0
FNH:0
BRF:0
BRH:0
DA:1,1
DA:6,1
DA:9,1
LH:3
LF:3
end_of_record
SF:K:\Users\Benjamin M\Documents\GitHub\Deno\project_one\src\weapons\swords\collection.ts
FNF:0
FNH:0
BRF:0
BRH:0
DA:1,1
DA:6,1
DA:9,1
LH:3
LF:3
end_of_record
